<?xml version="1.0" ?>
<coverage version="7.13.0" timestamp="1765448772570" lines-valid="4" lines-covered="4" line-rate="1" branches-covered="0" branches-valid="0" branch-rate="0" complexity="0">
	<!-- Generated by coverage.py: https://coverage.readthedocs.io/en/7.13.0 -->
	<!-- Based on https://raw.githubusercontent.com/cobertura/web/master/htdocs/xml/coverage-04.dtd -->
	<sources>
		<source>/Users/mark/GIT/arrow-zerobus-sdk-wrapper</source>
	</sources>
	<packages>
		<package name=".venv.lib.python3.11.site-packages.arrow_zerobus_sdk_wrapper" line-rate="1" branch-rate="0" complexity="0">
			<classes>
				<class name="__init__.py" filename=".venv/lib/python3.11/site-packages/arrow_zerobus_sdk_wrapper/__init__.py" complexity="0" line-rate="1" branch-rate="0">
					<methods/>
					<lines>
						<line number="1" hits="1"/>
						<line number="3" hits="1"/>
						<line number="4" hits="1"/>
						<line number="5" hits="1"/>
					</lines>
				</class>
			</classes>
		</package>
	</packages>
</coverage>
